<?xml version="1.0" encoding="UTF-8"?>
<coverage generated="1717883853774" clover="3.2.0">
  <project timestamp="1717883853774" name="All files">
    <metrics statements="26" coveredstatements="26" conditionals="2" coveredconditionals="2" methods="6" coveredmethods="6" elements="34" coveredelements="34" complexity="0" loc="26" ncloc="26" packages="1" files="1" classes="1"/>
    <file name="elements-manager.js" path="C:\Users\zilvi\WebstormProjects\task\src\elements\ElementsManager\elements-manager.js">
      <metrics statements="26" coveredstatements="26" conditionals="2" coveredconditionals="2" methods="6" coveredmethods="6"/>
      <line num="5" count="7" type="stmt"/>
      <line num="6" count="7" type="stmt"/>
      <line num="7" count="7" type="stmt"/>
      <line num="17" count="7" type="stmt"/>
      <line num="18" count="7" type="stmt"/>
      <line num="21" count="3" type="stmt"/>
      <line num="22" count="3" type="stmt"/>
      <line num="23" count="3" type="stmt"/>
      <line num="24" count="3" type="stmt"/>
      <line num="25" count="3" type="stmt"/>
      <line num="26" count="1" type="stmt"/>
      <line num="27" count="1" type="stmt"/>
      <line num="32" count="1" type="stmt"/>
      <line num="33" count="1" type="stmt"/>
      <line num="34" count="1" type="stmt"/>
      <line num="35" count="1" type="stmt"/>
      <line num="36" count="1" type="stmt"/>
      <line num="37" count="1" type="stmt"/>
      <line num="41" count="4" type="stmt"/>
      <line num="42" count="4" type="stmt"/>
      <line num="46" count="2" type="stmt"/>
      <line num="47" count="2" type="cond" truecount="2" falsecount="0"/>
      <line num="48" count="2" type="stmt"/>
      <line num="49" count="2" type="stmt"/>
      <line num="50" count="2" type="stmt"/>
      <line num="54" count="1" type="stmt"/>
    </file>
  </project>
</coverage>
