{"C:\\Users\\zilvi\\WebstormProjects\\task\\src\\elements\\ElementsManager\\elements-manager.js": {"path":"C:\\Users\\zilvi\\WebstormProjects\\task\\src\\elements\\ElementsManager\\elements-manager.js","statementMap":{"0":{"start":{"line":5,"column":20},"end":{"line":5,"column":531}},"1":{"start":{"line":6,"column":23},"end":{"line":6,"column":620}},"2":{"start":{"line":7,"column":28},"end":{"line":15,"column":19}},"3":{"start":{"line":17,"column":24},"end":{"line":17,"column":53}},"4":{"start":{"line":18,"column":15},"end":{"line":18,"column":44}},"5":{"start":{"line":21,"column":8},"end":{"line":21,"column":80}},"6":{"start":{"line":22,"column":8},"end":{"line":22,"column":69}},"7":{"start":{"line":23,"column":8},"end":{"line":23,"column":58}},"8":{"start":{"line":24,"column":28},"end":{"line":24,"column":80}},"9":{"start":{"line":25,"column":8},"end":{"line":28,"column":11}},"10":{"start":{"line":26,"column":12},"end":{"line":26,"column":58}},"11":{"start":{"line":27,"column":12},"end":{"line":27,"column":49}},"12":{"start":{"line":32,"column":8},"end":{"line":32,"column":55}},"13":{"start":{"line":33,"column":23},"end":{"line":33,"column":102}},"14":{"start":{"line":34,"column":8},"end":{"line":34,"column":57}},"15":{"start":{"line":35,"column":21},"end":{"line":35,"column":62}},"16":{"start":{"line":36,"column":8},"end":{"line":36,"column":44}},"17":{"start":{"line":37,"column":8},"end":{"line":37,"column":47}},"18":{"start":{"line":41,"column":8},"end":{"line":41,"column":58}},"19":{"start":{"line":42,"column":8},"end":{"line":42,"column":49}},"20":{"start":{"line":46,"column":25},"end":{"line":46,"column":59}},"21":{"start":{"line":47,"column":8},"end":{"line":47,"column":87}},"22":{"start":{"line":48,"column":8},"end":{"line":48,"column":92}},"23":{"start":{"line":49,"column":8},"end":{"line":49,"column":96}},"24":{"start":{"line":50,"column":8},"end":{"line":50,"column":66}},"25":{"start":{"line":54,"column":8},"end":{"line":54,"column":68}}},"fnMap":{"0":{"name":"(anonymous_0)","decl":{"start":{"line":20,"column":4},"end":{"line":20,"column":5}},"loc":{"start":{"line":20,"column":26},"end":{"line":29,"column":5}},"line":20},"1":{"name":"(anonymous_1)","decl":{"start":{"line":25,"column":46},"end":{"line":25,"column":47}},"loc":{"start":{"line":25,"column":52},"end":{"line":28,"column":9}},"line":25},"2":{"name":"(anonymous_2)","decl":{"start":{"line":31,"column":4},"end":{"line":31,"column":5}},"loc":{"start":{"line":31,"column":38},"end":{"line":38,"column":5}},"line":31},"3":{"name":"(anonymous_3)","decl":{"start":{"line":40,"column":4},"end":{"line":40,"column":5}},"loc":{"start":{"line":40,"column":18},"end":{"line":43,"column":5}},"line":40},"4":{"name":"(anonymous_4)","decl":{"start":{"line":45,"column":4},"end":{"line":45,"column":5}},"loc":{"start":{"line":45,"column":40},"end":{"line":51,"column":5}},"line":45},"5":{"name":"(anonymous_5)","decl":{"start":{"line":53,"column":4},"end":{"line":53,"column":5}},"loc":{"start":{"line":53,"column":18},"end":{"line":55,"column":5}},"line":53}},"branchMap":{"0":{"loc":{"start":{"line":47,"column":34},"end":{"line":47,"column":87}},"type":"cond-expr","locations":[{"start":{"line":47,"column":45},"end":{"line":47,"column":64}},{"start":{"line":47,"column":67},"end":{"line":47,"column":87}}],"line":47}},"s":{"0":7,"1":7,"2":7,"3":7,"4":7,"5":3,"6":3,"7":3,"8":3,"9":3,"10":1,"11":1,"12":1,"13":1,"14":1,"15":1,"16":1,"17":1,"18":4,"19":4,"20":2,"21":2,"22":2,"23":2,"24":2,"25":1},"f":{"0":3,"1":1,"2":1,"3":4,"4":2,"5":1},"b":{"0":[1,1]},"_coverageSchema":"1a1c01bbd47fc00a2c39e90264f33305004495a9","hash":"8f2d07e0997ce8f7f11f5912f031b3d279170620"}
}
