TN:
SF:src\elements\ElementsManager\elements-manager.js
FN:20,(anonymous_0)
FN:25,(anonymous_1)
FN:31,(anonymous_2)
FN:40,(anonymous_3)
FN:45,(anonymous_4)
FN:53,(anonymous_5)
FNF:6
FNH:6
FNDA:3,(anonymous_0)
FNDA:1,(anonymous_1)
FNDA:1,(anonymous_2)
FNDA:4,(anonymous_3)
FNDA:2,(anonymous_4)
FNDA:1,(anonymous_5)
DA:5,7
DA:6,7
DA:7,7
DA:17,7
DA:18,7
DA:21,3
DA:22,3
DA:23,3
DA:24,3
DA:25,3
DA:26,1
DA:27,1
DA:32,1
DA:33,1
DA:34,1
DA:35,1
DA:36,1
DA:37,1
DA:41,4
DA:42,4
DA:46,2
DA:47,2
DA:48,2
DA:49,2
DA:50,2
DA:54,1
LF:26
LH:26
BRDA:47,0,0,1
BRDA:47,0,1,1
BRF:2
BRH:2
end_of_record
